Added Component: Designator=C1(CAP-0603)
Add component (AddParameter): Name = "Assembled?"; Value = "no"; VariantName = "[No Variations]"
Add component (AddParameter): Name = "Capacitance"; Value = "100nF +/-10%"; VariantName = "[No Variations]"
Add component (AddParameter): Name = "Manufacturer"; Value = "YAGEO"; VariantName = "[No Variations]"
Add component (AddParameter): Name = "Manufacturer Part Number"; Value = "CC0603KRX7R0BB104"; VariantName = "[No Variations]"
Add component (AddParameter): Name = "Package Size"; Value = "0603"; VariantName = "[No Variations]"
Add component (AddParameter): Name = "Temperature Coefficient"; Value = "X7R"; VariantName = "[No Variations]"
Add component (AddParameter): Name = "Voltage Rating"; Value = "100V"; VariantName = "[No Variations]"
Added Component: Designator=C2(CAP-0603)
Add component (AddParameter): Name = "Assembled?"; Value = "no"; VariantName = "[No Variations]"
Add component (AddParameter): Name = "Capacitance"; Value = "10nF +/-5%"; VariantName = "[No Variations]"
Add component (AddParameter): Name = "Manufacturer"; Value = "TDK Corporation"; VariantName = "[No Variations]"
Add component (AddParameter): Name = "Manufacturer Part Number"; Value = "C1608C0G2A103J080AC"; VariantName = "[No Variations]"
Add component (AddParameter): Name = "Package Size"; Value = "0603"; VariantName = "[No Variations]"
Add component (AddParameter): Name = "Temperature Coefficient"; Value = "C0G/NP0"; VariantName = "[No Variations]"
Add component (AddParameter): Name = "Voltage Rating"; Value = "100V"; VariantName = "[No Variations]"
Added Component: Designator=C3(CAP-0603)
Add component (AddParameter): Name = "Assembled?"; Value = "no"; VariantName = "[No Variations]"
Add component (AddParameter): Name = "Capacitance"; Value = "100nF +/-10%"; VariantName = "[No Variations]"
Add component (AddParameter): Name = "Manufacturer"; Value = "YAGEO"; VariantName = "[No Variations]"
Add component (AddParameter): Name = "Manufacturer Part Number"; Value = "CC0603KRX7R0BB104"; VariantName = "[No Variations]"
Add component (AddParameter): Name = "Package Size"; Value = "0603"; VariantName = "[No Variations]"
Add component (AddParameter): Name = "Temperature Coefficient"; Value = "X7R"; VariantName = "[No Variations]"
Add component (AddParameter): Name = "Voltage Rating"; Value = "100V"; VariantName = "[No Variations]"
Added Component: Designator=C4(CAP-0603)
Add component (AddParameter): Name = "Assembled?"; Value = "no"; VariantName = "[No Variations]"
Add component (AddParameter): Name = "Capacitance"; Value = "100nF +/-10%"; VariantName = "[No Variations]"
Add component (AddParameter): Name = "Manufacturer"; Value = "YAGEO"; VariantName = "[No Variations]"
Add component (AddParameter): Name = "Manufacturer Part Number"; Value = "CC0603KRX7R0BB104"; VariantName = "[No Variations]"
Add component (AddParameter): Name = "Package Size"; Value = "0603"; VariantName = "[No Variations]"
Add component (AddParameter): Name = "Temperature Coefficient"; Value = "X7R"; VariantName = "[No Variations]"
Add component (AddParameter): Name = "Voltage Rating"; Value = "100V"; VariantName = "[No Variations]"
Added Component: Designator=C5(CAP-0603)
Add component (AddParameter): Name = "Assembled?"; Value = "no"; VariantName = "[No Variations]"
Add component (AddParameter): Name = "Capacitance"; Value = "10nF +/-5%"; VariantName = "[No Variations]"
Add component (AddParameter): Name = "Manufacturer"; Value = "TDK Corporation"; VariantName = "[No Variations]"
Add component (AddParameter): Name = "Manufacturer Part Number"; Value = "C1608C0G2A103J080AC"; VariantName = "[No Variations]"
Add component (AddParameter): Name = "Package Size"; Value = "0603"; VariantName = "[No Variations]"
Add component (AddParameter): Name = "Temperature Coefficient"; Value = "C0G/NP0"; VariantName = "[No Variations]"
Add component (AddParameter): Name = "Voltage Rating"; Value = "100V"; VariantName = "[No Variations]"
Added Component: Designator=C6(CAP-0603)
Add component (AddParameter): Name = "Assembled?"; Value = "no"; VariantName = "[No Variations]"
Add component (AddParameter): Name = "Capacitance"; Value = "10nF +/-5%"; VariantName = "[No Variations]"
Add component (AddParameter): Name = "Manufacturer"; Value = "TDK Corporation"; VariantName = "[No Variations]"
Add component (AddParameter): Name = "Manufacturer Part Number"; Value = "C1608C0G2A103J080AC"; VariantName = "[No Variations]"
Add component (AddParameter): Name = "Package Size"; Value = "0603"; VariantName = "[No Variations]"
Add component (AddParameter): Name = "Temperature Coefficient"; Value = "C0G/NP0"; VariantName = "[No Variations]"
Add component (AddParameter): Name = "Voltage Rating"; Value = "100V"; VariantName = "[No Variations]"
Added Component: Designator=D1(LED-0603)
Add component (AddParameter): Name = "Assembled?"; Value = "no"; VariantName = "[No Variations]"
Add component (AddParameter): Name = "Color"; Value = "Amber"; VariantName = "[No Variations]"
Add component (AddParameter): Name = "Current Rating"; Value = "20mA"; VariantName = "[No Variations]"
Add component (AddParameter): Name = "Manufacturer"; Value = "Wurth Electronik"; VariantName = "[No Variations]"
Add component (AddParameter): Name = "Manufacturer Part Number"; Value = "150060AS75000"; VariantName = "[No Variations]"
Add component (AddParameter): Name = "Package Size"; Value = "0603"; VariantName = "[No Variations]"
Add component (AddParameter): Name = "Vf"; Value = "2V"; VariantName = "[No Variations]"
Added Component: Designator=I1(IC-OPAMP-0001)
Add component (AddParameter): Name = "Assembled?"; Value = "no"; VariantName = "[No Variations]"
Add component (AddParameter): Name = "CMRR"; Value = "70dB"; VariantName = "[No Variations]"
Add component (AddParameter): Name = "Manufacturer"; Value = "onsemi"; VariantName = "[No Variations]"
Add component (AddParameter): Name = "Manufacturer Part Number"; Value = "LM358EDR2G"; VariantName = "[No Variations]"
Add component (AddParameter): Name = "Package"; Value = "8-SOIC"; VariantName = "[No Variations]"
Add component (AddParameter): Name = "Rail-to-Rail?"; Value = "no"; VariantName = "[No Variations]"
Add component (AddParameter): Name = "Supply Current - Max"; Value = "3mA"; VariantName = "[No Variations]"
Add component (AddParameter): Name = "VCC-Max"; Value = "32V"; VariantName = "[No Variations]"
Add component (AddParameter): Name = "VCC-Min"; Value = "3V"; VariantName = "[No Variations]"
Added Component: Designator=J1(CON-2POS-0001)
Add component (AddParameter): Name = "Assembled?"; Value = "no"; VariantName = "[No Variations]"
Add component (AddParameter): Name = "Pins"; Value = "2"; VariantName = "[No Variations]"
Add component (AddParameter): Name = "Rows"; Value = "1"; VariantName = "[No Variations]"
Added Component: Designator=J2(CON-2POS-0001)
Add component (AddParameter): Name = "Assembled?"; Value = "no"; VariantName = "[No Variations]"
Add component (AddParameter): Name = "Pins"; Value = "2"; VariantName = "[No Variations]"
Add component (AddParameter): Name = "Rows"; Value = "1"; VariantName = "[No Variations]"
Added Component: Designator=J3(CON-2POS-0001)
Add component (AddParameter): Name = "Assembled?"; Value = "no"; VariantName = "[No Variations]"
Add component (AddParameter): Name = "Pins"; Value = "2"; VariantName = "[No Variations]"
Add component (AddParameter): Name = "Rows"; Value = "1"; VariantName = "[No Variations]"
Added Component: Designator=Q1(NMOS-SOT23-3)
Add component (AddParameter): Name = "Assembled?"; Value = "no"; VariantName = "[No Variations]"
Add component (AddParameter): Name = "FET type"; Value = "N-Channel"; VariantName = "[No Variations]"
Add component (AddParameter): Name = "Id-Continuous"; Value = "200mA"; VariantName = "[No Variations]"
Add component (AddParameter): Name = "Manufacturer"; Value = "Toshiba"; VariantName = "[No Variations]"
Add component (AddParameter): Name = "Manufacturer Part Number"; Value = "T2N7002AK,LM"; VariantName = "[No Variations]"
Add component (AddParameter): Name = "Package"; Value = "SOT-23-3"; VariantName = "[No Variations]"
Add component (AddParameter): Name = "Rds On-Max"; Value = "3.9Ohm"; VariantName = "[No Variations]"
Add component (AddParameter): Name = "VDS-Max"; Value = "60V"; VariantName = "[No Variations]"
Add component (AddParameter): Name = "Vgs-Max"; Value = "20V"; VariantName = "[No Variations]"
Added Component: Designator=R1(RES-0603)
Add component (AddParameter): Name = "Assembled?"; Value = "no"; VariantName = "[No Variations]"
Add component (AddParameter): Name = "Manufacturer"; Value = "YAGEO"; VariantName = "[No Variations]"
Add component (AddParameter): Name = "Manufacturer Part Number"; Value = "RT0603FRE131KL"; VariantName = "[No Variations]"
Add component (AddParameter): Name = "Package Size"; Value = "0603"; VariantName = "[No Variations]"
Add component (AddParameter): Name = "Power Rating"; Value = "1/10W"; VariantName = "[No Variations]"
Add component (AddParameter): Name = "Resistance"; Value = "1kOhm +/-1%"; VariantName = "[No Variations]"
Added Component: Designator=R2(RES-0603)
Add component (AddParameter): Name = "Assembled?"; Value = "no"; VariantName = "[No Variations]"
Add component (AddParameter): Name = "Manufacturer"; Value = "YAGEO"; VariantName = "[No Variations]"
Add component (AddParameter): Name = "Manufacturer Part Number"; Value = "RC0603FR-0733RP"; VariantName = "[No Variations]"
Add component (AddParameter): Name = "Package Size"; Value = "0603"; VariantName = "[No Variations]"
Add component (AddParameter): Name = "Power Rating"; Value = "1/10W"; VariantName = "[No Variations]"
Add component (AddParameter): Name = "Resistance"; Value = "33Ohm +/-1%"; VariantName = "[No Variations]"
Added Component: Designator=R3(RES-0603)
Add component (AddParameter): Name = "Assembled?"; Value = "no"; VariantName = "[No Variations]"
Add component (AddParameter): Name = "Manufacturer"; Value = "YAGEO"; VariantName = "[No Variations]"
Add component (AddParameter): Name = "Manufacturer Part Number"; Value = "RT0603FRE131KL"; VariantName = "[No Variations]"
Add component (AddParameter): Name = "Package Size"; Value = "0603"; VariantName = "[No Variations]"
Add component (AddParameter): Name = "Power Rating"; Value = "1/10W"; VariantName = "[No Variations]"
Add component (AddParameter): Name = "Resistance"; Value = "1kOhm +/-1%"; VariantName = "[No Variations]"
Added Component: Designator=R4(RES-0603)
Add component (AddParameter): Name = "Assembled?"; Value = "no"; VariantName = "[No Variations]"
Add component (AddParameter): Name = "Manufacturer"; Value = "YAGEO"; VariantName = "[No Variations]"
Add component (AddParameter): Name = "Manufacturer Part Number"; Value = "RC0603FR-0710KP"; VariantName = "[No Variations]"
Add component (AddParameter): Name = "Package Size"; Value = "0603"; VariantName = "[No Variations]"
Add component (AddParameter): Name = "Power Rating"; Value = "1/10W"; VariantName = "[No Variations]"
Add component (AddParameter): Name = "Resistance"; Value = "10kOhm +/-1%"; VariantName = "[No Variations]"
Added Component: Designator=R5(RES-0603)
Add component (AddParameter): Name = "Assembled?"; Value = "no"; VariantName = "[No Variations]"
Add component (AddParameter): Name = "Manufacturer"; Value = "YAGEO"; VariantName = "[No Variations]"
Add component (AddParameter): Name = "Manufacturer Part Number"; Value = "RT0603FRE131KL"; VariantName = "[No Variations]"
Add component (AddParameter): Name = "Package Size"; Value = "0603"; VariantName = "[No Variations]"
Add component (AddParameter): Name = "Power Rating"; Value = "1/10W"; VariantName = "[No Variations]"
Add component (AddParameter): Name = "Resistance"; Value = "1kOhm +/-1%"; VariantName = "[No Variations]"
Added Component: Designator=R6(RES-0603)
Add component (AddParameter): Name = "Assembled?"; Value = "no"; VariantName = "[No Variations]"
Add component (AddParameter): Name = "Manufacturer"; Value = "YAGEO"; VariantName = "[No Variations]"
Add component (AddParameter): Name = "Manufacturer Part Number"; Value = "AF0603FR-074K7L"; VariantName = "[No Variations]"
Add component (AddParameter): Name = "Package Size"; Value = "0603"; VariantName = "[No Variations]"
Add component (AddParameter): Name = "Power Rating"; Value = "1/10W"; VariantName = "[No Variations]"
Add component (AddParameter): Name = "Resistance"; Value = "4.7kOhm +/-1%"; VariantName = "[No Variations]"
Added Pin To Net: NetName=5V Pin=C1-1
Added Pin To Net: NetName=5V Pin=C2-1
Added Pin To Net: NetName=5V Pin=I1-8
Added Pin To Net: NetName=5V Pin=J1-1
Added Pin To Net: NetName=5V Pin=R1-1
Added Pin To Net: NetName=5V Pin=R2-1
Added Net: Name=5V
Added Pin To Net: NetName=GND Pin=C1-2
Added Pin To Net: NetName=GND Pin=C2-2
Added Pin To Net: NetName=GND Pin=C5-2
Added Pin To Net: NetName=GND Pin=C6-2
Added Pin To Net: NetName=GND Pin=D1-2
Added Pin To Net: NetName=GND Pin=I1-4
Added Pin To Net: NetName=GND Pin=J2-2
Added Pin To Net: NetName=GND Pin=J3-2
Added Pin To Net: NetName=GND Pin=Q1-3
Added Net: Name=GND
Added Pin To Net: NetName=NetC3_1 Pin=C3-1
Added Pin To Net: NetName=NetC3_1 Pin=R3-2
Added Pin To Net: NetName=NetC3_1 Pin=R4-1
Added Net: Name=NetC3_1
Added Pin To Net: NetName=NetC3_2 Pin=C3-2
Added Pin To Net: NetName=NetC3_2 Pin=I1-6
Added Pin To Net: NetName=NetC3_2 Pin=I1-7
Added Pin To Net: NetName=NetC3_2 Pin=J2-1
Added Net: Name=NetC3_2
Added Pin To Net: NetName=NetC4_1 Pin=C4-1
Added Pin To Net: NetName=NetC4_1 Pin=R5-2
Added Pin To Net: NetName=NetC4_1 Pin=R6-1
Added Net: Name=NetC4_1
Added Pin To Net: NetName=NetC4_2 Pin=C4-2
Added Pin To Net: NetName=NetC4_2 Pin=I1-1
Added Pin To Net: NetName=NetC4_2 Pin=I1-2
Added Pin To Net: NetName=NetC4_2 Pin=R3-1
Added Net: Name=NetC4_2
Added Pin To Net: NetName=NetC5_1 Pin=C5-1
Added Pin To Net: NetName=NetC5_1 Pin=I1-5
Added Pin To Net: NetName=NetC5_1 Pin=R4-2
Added Net: Name=NetC5_1
Added Pin To Net: NetName=NetC6_1 Pin=C6-1
Added Pin To Net: NetName=NetC6_1 Pin=I1-3
Added Pin To Net: NetName=NetC6_1 Pin=R6-2
Added Net: Name=NetC6_1
Added Pin To Net: NetName=NetD1_1 Pin=D1-1
Added Pin To Net: NetName=NetD1_1 Pin=R1-2
Added Net: Name=NetD1_1
Added Pin To Net: NetName=NetJ1_2 Pin=J1-2
Added Pin To Net: NetName=NetJ1_2 Pin=Q1-2
Added Net: Name=NetJ1_2
Added Pin To Net: NetName=NetJ3_1 Pin=J3-1
Added Pin To Net: NetName=NetJ3_1 Pin=R5-1
Added Net: Name=NetJ3_1
Added Pin To Net: NetName=NetQ1_1 Pin=Q1-1
Added Pin To Net: NetName=NetQ1_1 Pin=R2-2
Added Net: Name=NetQ1_1
Added Class: Name=PracticePCB
Added Room: Name=PracticePCB
