Removed Pin From Net: NetName=GHA Pin=Q1-1
Removed Pin From Net: NetName=VM Pin=Q1-4
Removed Pin From Net: NetName=GHB Pin=Q2-1
Removed Pin From Net: NetName=VM Pin=Q2-4
Removed Pin From Net: NetName=GHC Pin=Q3-1
Removed Pin From Net: NetName=VM Pin=Q3-4
Removed Pin From Net: NetName=GLA Pin=Q4-1
Removed Pin From Net: NetName=SPA Pin=Q4-3
Removed Pin From Net: NetName=MOTA Pin=Q4-4
Removed Pin From Net: NetName=GLB Pin=Q5-1
Removed Pin From Net: NetName=SPB Pin=Q5-3
Removed Pin From Net: NetName=MOTB Pin=Q5-4
Removed Pin From Net: NetName=GLC Pin=Q6-1
Removed Pin From Net: NetName=SPC Pin=Q6-3
Removed Pin From Net: NetName=MOTC Pin=Q6-4
Change Component Footprint: Designator=Q1 Old Footprint=NXP-SOT404_L New Footprint=Q5B
Change Component Footprint: Designator=Q2 Old Footprint=NXP-SOT404_L New Footprint=Q5B
Change Component Footprint: Designator=Q3 Old Footprint=NXP-SOT404_L New Footprint=Q5B
Change Component Footprint: Designator=Q4 Old Footprint=NXP-SOT404_L New Footprint=Q5B
Change Component Footprint: Designator=Q5 Old Footprint=NXP-SOT404_L New Footprint=Q5B
Change Component Footprint: Designator=Q6 Old Footprint=NXP-SOT404_L New Footprint=Q5B
Change Component Comment : Designator=Q1 Old Comment=PSMN5R6-100BS,118 New Comment=CSD19532Q5B
Change Component Comment : Designator=Q2 Old Comment=PSMN5R6-100BS,118 New Comment=CSD19532Q5B
Change Component Comment : Designator=Q3 Old Comment=PSMN5R6-100BS,118 New Comment=CSD19532Q5B
Change Component Comment : Designator=Q4 Old Comment=PSMN5R6-100BS,118 New Comment=CSD19532Q5B
Change Component Comment : Designator=Q5 Old Comment=PSMN5R6-100BS,118 New Comment=CSD19532Q5B
Change Component Comment : Designator=Q6 Old Comment=PSMN5R6-100BS,118 New Comment=CSD19532Q5B
Change Component Designator: OldDesignator=C22 NewDesignator=C24
Change Component Designator: OldDesignator=C23 NewDesignator=C22
Change Component Designator: OldDesignator=C24 NewDesignator=C23
Change component parameters: Designator = "Q1"; Footprint = "Q5B"; UniqueID = "\ODANUZXR\UGQMYIAO"
Change component parameters. Clean all parameters for all variants
Change component parameters (AddParameter): Name = "Datasheet Link"; Value = "http://www.ti.com/lit/gpn/csd19532q5b"; VariantName = "[No Variations]"
Change component parameters (AddParameter): Name = "Manufacturer_Name"; Value = "Texas Instruments"; VariantName = "[No Variations]"
Change component parameters (AddParameter): Name = "Manufacturer_Part_Number"; Value = "CSD19532Q5B"; VariantName = "[No Variations]"
Change component parameters (AddParameter): Name = "Mouser Part Number"; Value = "595-CSD19532Q5B"; VariantName = "[No Variations]"
Change component parameters (AddParameter): Name = "Mouser Price/Stock"; Value = "https://www.mouser.com/Search/Refine.aspx?Keyword=595-CSD19532Q5B"; VariantName = "[No Variations]"
Change component parameters (AddParameter): Name = "RS Part Number"; Value = ""; VariantName = "[No Variations]"
Change component parameters (AddParameter): Name = "RS Price/Stock"; Value = ""; VariantName = "[No Variations]"
Change component parameters: Designator = "Q2"; Footprint = "Q5B"; UniqueID = "\ODANUZXR\UGSJGEZZ"
Change component parameters. Clean all parameters for all variants
Change component parameters (AddParameter): Name = "Datasheet Link"; Value = "http://www.ti.com/lit/gpn/csd19532q5b"; VariantName = "[No Variations]"
Change component parameters (AddParameter): Name = "Manufacturer_Name"; Value = "Texas Instruments"; VariantName = "[No Variations]"
Change component parameters (AddParameter): Name = "Manufacturer_Part_Number"; Value = "CSD19532Q5B"; VariantName = "[No Variations]"
Change component parameters (AddParameter): Name = "Mouser Part Number"; Value = "595-CSD19532Q5B"; VariantName = "[No Variations]"
Change component parameters (AddParameter): Name = "Mouser Price/Stock"; Value = "https://www.mouser.com/Search/Refine.aspx?Keyword=595-CSD19532Q5B"; VariantName = "[No Variations]"
Change component parameters (AddParameter): Name = "RS Part Number"; Value = ""; VariantName = "[No Variations]"
Change component parameters (AddParameter): Name = "RS Price/Stock"; Value = ""; VariantName = "[No Variations]"
Change component parameters: Designator = "Q3"; Footprint = "Q5B"; UniqueID = "\ODANUZXR\PVXNXSUL"
Change component parameters. Clean all parameters for all variants
Change component parameters (AddParameter): Name = "Datasheet Link"; Value = "http://www.ti.com/lit/gpn/csd19532q5b"; VariantName = "[No Variations]"
Change component parameters (AddParameter): Name = "Manufacturer_Name"; Value = "Texas Instruments"; VariantName = "[No Variations]"
Change component parameters (AddParameter): Name = "Manufacturer_Part_Number"; Value = "CSD19532Q5B"; VariantName = "[No Variations]"
Change component parameters (AddParameter): Name = "Mouser Part Number"; Value = "595-CSD19532Q5B"; VariantName = "[No Variations]"
Change component parameters (AddParameter): Name = "Mouser Price/Stock"; Value = "https://www.mouser.com/Search/Refine.aspx?Keyword=595-CSD19532Q5B"; VariantName = "[No Variations]"
Change component parameters (AddParameter): Name = "RS Part Number"; Value = ""; VariantName = "[No Variations]"
Change component parameters (AddParameter): Name = "RS Price/Stock"; Value = ""; VariantName = "[No Variations]"
Change component parameters: Designator = "Q4"; Footprint = "Q5B"; UniqueID = "\ODANUZXR\EEYXCBOI"
Change component parameters. Clean all parameters for all variants
Change component parameters (AddParameter): Name = "Datasheet Link"; Value = "http://www.ti.com/lit/gpn/csd19532q5b"; VariantName = "[No Variations]"
Change component parameters (AddParameter): Name = "Manufacturer_Name"; Value = "Texas Instruments"; VariantName = "[No Variations]"
Change component parameters (AddParameter): Name = "Manufacturer_Part_Number"; Value = "CSD19532Q5B"; VariantName = "[No Variations]"
Change component parameters (AddParameter): Name = "Mouser Part Number"; Value = "595-CSD19532Q5B"; VariantName = "[No Variations]"
Change component parameters (AddParameter): Name = "Mouser Price/Stock"; Value = "https://www.mouser.com/Search/Refine.aspx?Keyword=595-CSD19532Q5B"; VariantName = "[No Variations]"
Change component parameters (AddParameter): Name = "RS Part Number"; Value = ""; VariantName = "[No Variations]"
Change component parameters (AddParameter): Name = "RS Price/Stock"; Value = ""; VariantName = "[No Variations]"
Change component parameters: Designator = "Q5"; Footprint = "Q5B"; UniqueID = "\ODANUZXR\LGSGUOLP"
Change component parameters. Clean all parameters for all variants
Change component parameters (AddParameter): Name = "Datasheet Link"; Value = "http://www.ti.com/lit/gpn/csd19532q5b"; VariantName = "[No Variations]"
Change component parameters (AddParameter): Name = "Manufacturer_Name"; Value = "Texas Instruments"; VariantName = "[No Variations]"
Change component parameters (AddParameter): Name = "Manufacturer_Part_Number"; Value = "CSD19532Q5B"; VariantName = "[No Variations]"
Change component parameters (AddParameter): Name = "Mouser Part Number"; Value = "595-CSD19532Q5B"; VariantName = "[No Variations]"
Change component parameters (AddParameter): Name = "Mouser Price/Stock"; Value = "https://www.mouser.com/Search/Refine.aspx?Keyword=595-CSD19532Q5B"; VariantName = "[No Variations]"
Change component parameters (AddParameter): Name = "RS Part Number"; Value = ""; VariantName = "[No Variations]"
Change component parameters (AddParameter): Name = "RS Price/Stock"; Value = ""; VariantName = "[No Variations]"
Change component parameters: Designator = "Q6"; Footprint = "Q5B"; UniqueID = "\ODANUZXR\ZOOZGKVQ"
Change component parameters. Clean all parameters for all variants
Change component parameters (AddParameter): Name = "Datasheet Link"; Value = "http://www.ti.com/lit/gpn/csd19532q5b"; VariantName = "[No Variations]"
Change component parameters (AddParameter): Name = "Manufacturer_Name"; Value = "Texas Instruments"; VariantName = "[No Variations]"
Change component parameters (AddParameter): Name = "Manufacturer_Part_Number"; Value = "CSD19532Q5B"; VariantName = "[No Variations]"
Change component parameters (AddParameter): Name = "Mouser Part Number"; Value = "595-CSD19532Q5B"; VariantName = "[No Variations]"
Change component parameters (AddParameter): Name = "Mouser Price/Stock"; Value = "https://www.mouser.com/Search/Refine.aspx?Keyword=595-CSD19532Q5B"; VariantName = "[No Variations]"
Change component parameters (AddParameter): Name = "RS Part Number"; Value = ""; VariantName = "[No Variations]"
Change component parameters (AddParameter): Name = "RS Price/Stock"; Value = ""; VariantName = "[No Variations]"
Added Pin To Net: NetName=MOTA Pin=Q1-1
Added Pin To Net: NetName=MOTA Pin=Q1-2
Added Pin To Net: NetName=GHA Pin=Q1-4
Added Pin To Net: NetName=VM Pin=Q1-5
Added Pin To Net: NetName=VM Pin=Q1-6
Added Pin To Net: NetName=VM Pin=Q1-7
Added Pin To Net: NetName=VM Pin=Q1-8
Added Pin To Net: NetName=MOTB Pin=Q2-1
Added Pin To Net: NetName=MOTB Pin=Q2-2
Added Pin To Net: NetName=GHB Pin=Q2-4
Added Pin To Net: NetName=VM Pin=Q2-5
Added Pin To Net: NetName=VM Pin=Q2-6
Added Pin To Net: NetName=VM Pin=Q2-7
Added Pin To Net: NetName=VM Pin=Q2-8
Added Pin To Net: NetName=MOTC Pin=Q3-1
Added Pin To Net: NetName=MOTC Pin=Q3-2
Added Pin To Net: NetName=GHC Pin=Q3-4
Added Pin To Net: NetName=VM Pin=Q3-5
Added Pin To Net: NetName=VM Pin=Q3-6
Added Pin To Net: NetName=VM Pin=Q3-7
Added Pin To Net: NetName=VM Pin=Q3-8
Added Pin To Net: NetName=SPB Pin=Q4-1
Added Pin To Net: NetName=SPB Pin=Q4-2
Added Pin To Net: NetName=SPB Pin=Q4-3
Added Pin To Net: NetName=GLB Pin=Q4-4
Added Pin To Net: NetName=MOTB Pin=Q4-5
Added Pin To Net: NetName=MOTB Pin=Q4-6
Added Pin To Net: NetName=MOTB Pin=Q4-7
Added Pin To Net: NetName=MOTB Pin=Q4-8
Added Pin To Net: NetName=SPC Pin=Q5-1
Added Pin To Net: NetName=SPC Pin=Q5-2
Added Pin To Net: NetName=SPC Pin=Q5-3
Added Pin To Net: NetName=GLC Pin=Q5-4
Added Pin To Net: NetName=MOTC Pin=Q5-5
Added Pin To Net: NetName=MOTC Pin=Q5-6
Added Pin To Net: NetName=MOTC Pin=Q5-7
Added Pin To Net: NetName=MOTC Pin=Q5-8
Added Pin To Net: NetName=SPA Pin=Q6-1
Added Pin To Net: NetName=SPA Pin=Q6-2
Added Pin To Net: NetName=SPA Pin=Q6-3
Added Pin To Net: NetName=GLA Pin=Q6-4
Added Pin To Net: NetName=MOTA Pin=Q6-5
Added Pin To Net: NetName=MOTA Pin=Q6-6
Added Pin To Net: NetName=MOTA Pin=Q6-7
Added Pin To Net: NetName=MOTA Pin=Q6-8
Change Net Name : Old Net Name=NetC24_2 New Net Name=NetC23_2
