Removed Pin From Net: NetName=VREF Pin=P1-1
Removed Pin From Net: NetName=PGND Pin=P1-4
Removed Pin From Net: NetName=PGND Pin=P2-2
Removed Pin From Net: NetName=PGND Pin=P3-2
Removed Pin From Net: NetName=PGND Pin=P4-2
Removed Pin From Net: NetName=PGND Pin=P5-2
Removed Member From Class: ClassName=01-Driver_Board_Overview Member=P1
Removed Member From Class: ClassName=01-Driver_Board_Overview Member=P2
Removed Member From Class: ClassName=01-Driver_Board_Overview Member=P3
Removed Member From Class: ClassName=01-Driver_Board_Overview Member=P4
Removed Member From Class: ClassName=01-Driver_Board_Overview Member=P5
Removed Member From Class: ClassName=01-Driver_Board_Overview Member=P6
Added Component: Designator=J15(PCBComponent_1)
Add component. Clean all parameters for all variants
Added Component: Designator=J16(PCBComponent_1)
Add component. Clean all parameters for all variants
Added Component: Designator=J17(PCBComponent_1)
Add component. Clean all parameters for all variants
Added Component: Designator=J18(PCBComponent_1)
Add component. Clean all parameters for all variants
Added Net: Name=NetR?_1
Added Pin To Net: NetName=NetU5_13 Pin=U5-13
Added Net: Name=NetU5_13
Added Pin To Net: NetName=NetU5_14 Pin=U5-14
Added Net: Name=NetU5_14
Added Pin To Net: NetName=NetU5_15 Pin=U5-15
Added Net: Name=NetU5_15
Added Member To Class: ClassName=Gate Driver Member=Component C11 C3216X7R2A105K160AA
Added Member To Class: ClassName=01-Driver_Board_Overview Member=Component J15 NANO-FIT 3POS
Added Member To Class: ClassName=01-Driver_Board_Overview Member=Component J16 NANO-FIT 4POS
Added Member To Class: ClassName=01-Driver_Board_Overview Member=Component J17 NANO-FIT 4POS
Added Member To Class: ClassName=01-Driver_Board_Overview Member=Component J18 NANO-FIT 4POS
