Added Component: Designator=X4(43045-1000)
Add component. Clean all parameters for all variants
Add component (AddParameter): Name = "DeviceName"; Value = "43045-1000"; VariantName = "[No Variations]"
Add component (AddParameter): Name = "DeviceSetName"; Value = "HEADER_POS10_?"; VariantName = "[No Variations]"
Add component (AddParameter): Name = "GateName_1"; Value = "G$1"; VariantName = "[No Variations]"
Add component (AddParameter): Name = "LibraryName"; Value = "con-molex-micro-fit-3_0_2"; VariantName = "[No Variations]"
Add component (AddParameter): Name = "Package"; Value = "43045-1000"; VariantName = "[No Variations]"
Add component (AddParameter): Name = "SymbolName_1"; Value = "HEADER_POS10"; VariantName = "[No Variations]"
Added Component: Designator=X?(43045-1000)
Add component. Clean all parameters for all variants
Add component (AddParameter): Name = "DeviceName"; Value = "43045-1000"; VariantName = "[No Variations]"
Add component (AddParameter): Name = "DeviceSetName"; Value = "HEADER_POS10_?"; VariantName = "[No Variations]"
Add component (AddParameter): Name = "GateName_1"; Value = "G$1"; VariantName = "[No Variations]"
Add component (AddParameter): Name = "LibraryName"; Value = "con-molex-micro-fit-3_0_2"; VariantName = "[No Variations]"
Add component (AddParameter): Name = "Package"; Value = "43045-1000"; VariantName = "[No Variations]"
Add component (AddParameter): Name = "SymbolName_1"; Value = "HEADER_POS10"; VariantName = "[No Variations]"
Added Pin To Net: NetName=5VD Pin=X4-P$1
Added Pin To Net: NetName=PGND Pin=X4-P$5
Added Pin To Net: NetName=5VD Pin=X4-P$6
Added Pin To Net: NetName=PGND Pin=X4-P$10
Added Pin To Net: NetName=NetX4_P$2 Pin=X4-P$2
Added Net: Name=NetX4_P$2
Added Pin To Net: NetName=NetX4_P$3 Pin=X4-P$3
Added Net: Name=NetX4_P$3
Added Pin To Net: NetName=NetX4_P$4 Pin=X4-P$4
Added Net: Name=NetX4_P$4
Added Pin To Net: NetName=NetX4_P$7 Pin=X4-P$7
Added Net: Name=NetX4_P$7
Added Pin To Net: NetName=NetX4_P$8 Pin=X4-P$8
Added Net: Name=NetX4_P$8
Added Pin To Net: NetName=NetX4_P$9 Pin=X4-P$9
Added Net: Name=NetX4_P$9
Added Member To Class: ClassName=01-Driver_Board_Overview Member=Component X4 Molex - Micro-Fit 3.0 Series connector,  3.00mm (0.118") pitch header, 10 positions.
Added Member To Class: ClassName=01-Driver_Board_Overview Member=Component X? Molex - Micro-Fit 3.0 Series connector,  3.00mm (0.118") pitch header, 10 positions.
