Removed Pin From Net: NetName=5VD Pin=P7-1
Removed Pin From Net: NetName=PGND Pin=P7-5
Removed Pin From Net: NetName=5VD Pin=P8-1
Removed Pin From Net: NetName=PGND Pin=P8-5
Removed Member From Class: ClassName=01-Driver_Board_Overview Member=J15
Removed Member From Class: ClassName=01-Driver_Board_Overview Member=J16
Removed Member From Class: ClassName=01-Driver_Board_Overview Member=J17
Removed Member From Class: ClassName=01-Driver_Board_Overview Member=J18
Removed Member From Class: ClassName=01-Driver_Board_Overview Member=P7
Removed Member From Class: ClassName=01-Driver_Board_Overview Member=P8
Added Component: Designator=X1(43045-0406)
Add component. Clean all parameters for all variants
Add component (AddParameter): Name = "DeviceName"; Value = "43045-0406"; VariantName = "[No Variations]"
Add component (AddParameter): Name = "DeviceSetName"; Value = "HEADER_POS4_?"; VariantName = "[No Variations]"
Add component (AddParameter): Name = "GateName_1"; Value = "G$1"; VariantName = "[No Variations]"
Add component (AddParameter): Name = "LibraryName"; Value = "con-molex-micro-fit-3_0_2"; VariantName = "[No Variations]"
Add component (AddParameter): Name = "Package"; Value = "43045-0406"; VariantName = "[No Variations]"
Add component (AddParameter): Name = "SymbolName_1"; Value = "HEADER_POS4"; VariantName = "[No Variations]"
Added Component: Designator=X2(43045-0406)
Add component. Clean all parameters for all variants
Add component (AddParameter): Name = "DeviceName"; Value = "43045-0406"; VariantName = "[No Variations]"
Add component (AddParameter): Name = "DeviceSetName"; Value = "HEADER_POS4_?"; VariantName = "[No Variations]"
Add component (AddParameter): Name = "GateName_1"; Value = "G$1"; VariantName = "[No Variations]"
Add component (AddParameter): Name = "LibraryName"; Value = "con-molex-micro-fit-3_0_2"; VariantName = "[No Variations]"
Add component (AddParameter): Name = "Package"; Value = "43045-0406"; VariantName = "[No Variations]"
Add component (AddParameter): Name = "SymbolName_1"; Value = "HEADER_POS4"; VariantName = "[No Variations]"
Added Component: Designator=X3(43045-0406)
Add component. Clean all parameters for all variants
Add component (AddParameter): Name = "DeviceName"; Value = "43045-0406"; VariantName = "[No Variations]"
Add component (AddParameter): Name = "DeviceSetName"; Value = "HEADER_POS4_?"; VariantName = "[No Variations]"
Add component (AddParameter): Name = "GateName_1"; Value = "G$1"; VariantName = "[No Variations]"
Add component (AddParameter): Name = "LibraryName"; Value = "con-molex-micro-fit-3_0_2"; VariantName = "[No Variations]"
Add component (AddParameter): Name = "Package"; Value = "43045-0406"; VariantName = "[No Variations]"
Add component (AddParameter): Name = "SymbolName_1"; Value = "HEADER_POS4"; VariantName = "[No Variations]"
Added Component: Designator=X4(43045-1000)
Add component. Clean all parameters for all variants
Add component (AddParameter): Name = "DeviceName"; Value = "43045-1000"; VariantName = "[No Variations]"
Add component (AddParameter): Name = "DeviceSetName"; Value = "HEADER_POS10_?"; VariantName = "[No Variations]"
Add component (AddParameter): Name = "GateName_1"; Value = "G$1"; VariantName = "[No Variations]"
Add component (AddParameter): Name = "LibraryName"; Value = "con-molex-micro-fit-3_0_2"; VariantName = "[No Variations]"
Add component (AddParameter): Name = "Package"; Value = "43045-1000"; VariantName = "[No Variations]"
Add component (AddParameter): Name = "SymbolName_1"; Value = "HEADER_POS10"; VariantName = "[No Variations]"
Added Component: Designator=X5(43045-0406)
Add component. Clean all parameters for all variants
Add component (AddParameter): Name = "DeviceName"; Value = "43045-0406"; VariantName = "[No Variations]"
Add component (AddParameter): Name = "DeviceSetName"; Value = "HEADER_POS4_?"; VariantName = "[No Variations]"
Add component (AddParameter): Name = "GateName_1"; Value = "G$1"; VariantName = "[No Variations]"
Add component (AddParameter): Name = "LibraryName"; Value = "con-molex-micro-fit-3_0_2"; VariantName = "[No Variations]"
Add component (AddParameter): Name = "Package"; Value = "43045-0406"; VariantName = "[No Variations]"
Add component (AddParameter): Name = "SymbolName_1"; Value = "HEADER_POS4"; VariantName = "[No Variations]"
Added Pin To Net: NetName=PGND Pin=X1-P$1
Added Pin To Net: NetName=VREF Pin=X1-P$4
Added Pin To Net: NetName=PGND Pin=X2-P$1
Added Pin To Net: NetName=NetR?_1 Pin=X2-P$2
Added Pin To Net: NetName=PGND Pin=X2-P$3
Added Pin To Net: NetName=PGND Pin=X3-P$1
Added Pin To Net: NetName=PGND Pin=X3-P$3
Added Pin To Net: NetName=5VD Pin=X4-P$1
Added Pin To Net: NetName=PGND Pin=X4-P$5
Added Pin To Net: NetName=5VD Pin=X4-P$6
Added Pin To Net: NetName=PGND Pin=X4-P$10
Added Pin To Net: NetName=NetU5_15 Pin=X5-P$1
Added Pin To Net: NetName=NetU5_14 Pin=X5-P$2
Added Pin To Net: NetName=NetU5_13 Pin=X5-P$3
Added Pin To Net: NetName=NetX1_P$2 Pin=X1-P$2
Added Net: Name=NetX1_P$2
Added Pin To Net: NetName=NetX1_P$3 Pin=X1-P$3
Added Net: Name=NetX1_P$3
Added Pin To Net: NetName=NetX4_P$2 Pin=X4-P$2
Added Net: Name=NetX4_P$2
Added Pin To Net: NetName=NetX4_P$3 Pin=X4-P$3
Added Net: Name=NetX4_P$3
Added Pin To Net: NetName=NetX4_P$4 Pin=X4-P$4
Added Net: Name=NetX4_P$4
Added Pin To Net: NetName=NetX4_P$7 Pin=X4-P$7
Added Net: Name=NetX4_P$7
Added Pin To Net: NetName=NetX4_P$8 Pin=X4-P$8
Added Net: Name=NetX4_P$8
Added Pin To Net: NetName=NetX4_P$9 Pin=X4-P$9
Added Net: Name=NetX4_P$9
Added Member To Class: ClassName=01-Driver_Board_Overview Member=Component X1 Molex - Micro-Fit 3.0 Series connector,  3.00mm (0.118") pitch header, 4 positions.
Added Member To Class: ClassName=01-Driver_Board_Overview Member=Component X2 Molex - Micro-Fit 3.0 Series connector,  3.00mm (0.118") pitch header, 4 positions.
Added Member To Class: ClassName=01-Driver_Board_Overview Member=Component X3 Molex - Micro-Fit 3.0 Series connector,  3.00mm (0.118") pitch header, 4 positions.
Added Member To Class: ClassName=01-Driver_Board_Overview Member=Component X4 Molex - Micro-Fit 3.0 Series connector,  3.00mm (0.118") pitch header, 10 positions.
Added Member To Class: ClassName=01-Driver_Board_Overview Member=Component X5 Molex - Micro-Fit 3.0 Series connector,  3.00mm (0.118") pitch header, 4 positions.
