Importer Log Report
Project : mccd.PrjPcb

Section : Analyze Document - C:\Users\Adithya\Documents\PCB Boards\mccd.brd
    Analyzing data of C:\Users\Adithya\Documents\PCB Boards\mccd.brd
    Load settings
    Load layers 61
    Load Library "resistor"
    Load Packages 2
    Load Library "74xx-eu"
    Load Packages 1
    Load Library "ic-package"
    Load Packages 1
    Load Library "con-3m"
    Load Packages 1
    Load Library "rcl"
    Load Packages 1
    Load Library "transistor-pnp"
    Load Packages 1
EndSection

Section : Analyze Document - C:\Users\Adithya\Documents\PCB Boards\mccd.sch
    Analyzing data of C:\Users\Adithya\Documents\PCB Boards\mccd.sch
    Load settings
    Load layers 61
    Load schematic
    Load Libraries 7
    Load Library "74xx-eu"
    Load Packages 3
    Load Symbols 2
    Load DeviceSets 1
    Load Library "resistor"
    Load Packages 164
    Load Symbols 2
    Load DeviceSets 2
    Load Library "ic-package"
    Load Packages 3
    Load Symbols 1
    Load DeviceSets 1
    Load Library "con-3m"
    Load Packages 2
    Load Symbols 2
    Load DeviceSets 1
    Load Library "supply1"
    Load Packages 0
    Load Symbols 1
    Load DeviceSets 1
    Load Library "rcl"
    Load Packages 78
    Load Symbols 1
    Load DeviceSets 1
    Load Library "transistor-pnp"
    Load Packages 1
    Load Symbols 1
    Load DeviceSets 1
    Load Attributes 0
    Load Classes 1
    Load Parts 15
    Load Sheets 1
    ERROR: Unhandled typeerrors
EndSection
